<?xml version="1.0" encoding="UTF-8"?>
<!-- Generated by org.testng.reporters.JUnitReportReporter -->
<testsuite hostname="muthugomathis-seleinumad-3rj9aub1yds" failures="0" tests="12" name="com.lambdatest.Testng1" time="398.686" errors="0" timestamp="22 Feb 2022 09:15:03 GMT" skipped="0">
  <testcase classname="com.lambdatest.Testng1" name="scenarioOne" time="17.657"/>
  <testcase classname="com.lambdatest.Testng1" name="scenarioOne" time="35.293"/>
  <testcase classname="com.lambdatest.Testng1" name="scenarioOne" time="24.710"/>
  <testcase classname="com.lambdatest.Testng1" name="scenarioOne" time="11.847"/>
  <testcase classname="com.lambdatest.Testng1" name="secondScenario" time="32.768"/>
  <testcase classname="com.lambdatest.Testng1" name="secondScenario" time="84.708"/>
  <testcase classname="com.lambdatest.Testng1" name="secondScenario" time="14.733"/>
  <testcase classname="com.lambdatest.Testng1" name="secondScenario" time="56.642"/>
  <testcase classname="com.lambdatest.Testng1" name="thirdScenario" time="52.381"/>
  <testcase classname="com.lambdatest.Testng1" name="thirdScenario" time="19.992"/>
  <testcase classname="com.lambdatest.Testng1" name="thirdScenario" time="24.773"/>
  <testcase classname="com.lambdatest.Testng1" name="thirdScenario" time="23.182"/>
</testsuite> <!-- com.lambdatest.Testng1 -->
