<?xml version="1.0" encoding="UTF-8"?>
<!-- Generated by org.testng.reporters.JUnitReportReporter -->
<testsuite hostname="muthugomathis-seleinumad-9oyvttmjiv2" failures="0" tests="12" name="com.lambdatest.Testng1" time="333.872" errors="0" timestamp="22 Feb 2022 06:00:00 GMT" skipped="0">
  <testcase classname="com.lambdatest.Testng1" name="scenarioOne" time="70.218"/>
  <testcase classname="com.lambdatest.Testng1" name="scenarioOne" time="19.379"/>
  <testcase classname="com.lambdatest.Testng1" name="scenarioOne" time="16.589"/>
  <testcase classname="com.lambdatest.Testng1" name="scenarioOne" time="69.133"/>
  <testcase classname="com.lambdatest.Testng1" name="secondScenario" time="14.554"/>
  <testcase classname="com.lambdatest.Testng1" name="secondScenario" time="15.993"/>
  <testcase classname="com.lambdatest.Testng1" name="secondScenario" time="27.060"/>
  <testcase classname="com.lambdatest.Testng1" name="secondScenario" time="23.065"/>
  <testcase classname="com.lambdatest.Testng1" name="thirdScenario" time="17.690"/>
  <testcase classname="com.lambdatest.Testng1" name="thirdScenario" time="19.098"/>
  <testcase classname="com.lambdatest.Testng1" name="thirdScenario" time="23.501"/>
  <testcase classname="com.lambdatest.Testng1" name="thirdScenario" time="17.592"/>
</testsuite> <!-- com.lambdatest.Testng1 -->
